[debug] [2025-03-14T12:36:06.848Z] ----------------------------------------------------------------------
[debug] [2025-03-14T12:36:06.850Z] Command:       C:\nvm4w\nodejs\node.exe C:\nvm4w\nodejs\node_modules\firebase-tools\lib\bin\firebase.js init
[debug] [2025-03-14T12:36:06.850Z] CLI Version:   13.32.0
[debug] [2025-03-14T12:36:06.851Z] Platform:      win32
[debug] [2025-03-14T12:36:06.851Z] Node Version:  v20.11.1
[debug] [2025-03-14T12:36:06.851Z] Time:          Fri Mar 14 2025 08:36:06 GMT-0400 (Eastern Daylight Time)
[debug] [2025-03-14T12:36:06.851Z] ----------------------------------------------------------------------
[debug] 
[debug] [2025-03-14T12:36:06.853Z] >>> [apiv2][query] GET https://firebase-public.firebaseio.com/cli.json [none]
[debug] [2025-03-14T12:36:06.886Z] > command requires scopes: ["email","openid","https://www.googleapis.com/auth/cloudplatformprojects.readonly","https://www.googleapis.com/auth/firebase","https://www.googleapis.com/auth/cloud-platform"]
[debug] [2025-03-14T12:36:06.886Z] > authorizing via signed-in user (iversonbusiness1@gmail.com)
[info] 
     ######## #### ########  ######## ########     ###     ######  ########
     ##        ##  ##     ## ##       ##     ##  ##   ##  ##       ##
     ######    ##  ########  ######   ########  #########  ######  ######
     ##        ##  ##    ##  ##       ##     ## ##     ##       ## ##
     ##       #### ##     ## ######## ########  ##     ##  ######  ########

You're about to initialize a Firebase project in this directory:

  C:\Users\ivers\classified-ai

[debug] [2025-03-14T12:36:06.982Z] <<< [apiv2][status] GET https://firebase-public.firebaseio.com/cli.json 200
[debug] [2025-03-14T12:36:06.982Z] <<< [apiv2][body] GET https://firebase-public.firebaseio.com/cli.json {"cloudBuildErrorAfter":1594252800000,"cloudBuildWarnAfter":1590019200000,"defaultNode10After":1594252800000,"minVersion":"3.0.5","node8DeploysDisabledAfter":1613390400000,"node8RuntimeDisabledAfter":1615809600000,"node8WarnAfter":1600128000000}
